2025-11-15 03:01:39, MOVE, v:1, k:poo@budega, mode:PICK
2025-11-15 03:02:05, EXEC, v:1, k:poo@budega, mode:FREE
2025-11-15 03:03:04, EXEC, v:1, k:poo@budega, mode:FREE
2025-11-15 03:04:27, EXEC, v:1, k:poo@budega, mode:FULL, rate:100
2025-11-15 20:16:50, MOVE, v:1, k:poo@lapiseira, mode:PICK
2025-11-15 20:17:00, MOVE, v:1, k:poo@lapiseira, mode:BACK
2025-11-15 20:17:04, MOVE, v:1, k:poo@lapiseira, mode:PICK
2025-11-15 20:29:44, EXEC, v:1, k:poo@lapiseira, mode:FULL, rate:0, size:14
2025-11-15 22:02:11, MOVE, v:1, k:poo@lapiseira, mode:PICK
2025-11-15 22:02:14, MOVE, v:1, k:poo@lapiseira, mode:BACK
2025-11-15 22:02:45, MOVE, v:1, k:poo@lapiseira, mode:PICK
2025-11-15 22:02:47, EXEC, v:1, k:poo@lapiseira, mode:FULL, rate:0, size:34
2025-11-15 22:02:49, MOVE, v:1, k:poo@lapiseira, mode:BACK
2025-11-15 22:02:51, MOVE, v:1, k:poo@lapiseira, mode:PICK
2025-11-15 22:15:34, EXEC, v:1, k:poo@lapiseira, mode:FULL, rate:0, size:34
2025-11-15 22:34:02, EXEC, v:1, k:poo@lapiseira, mode:FULL, rate:0
2025-11-15 22:34:02, MOVE, v:1, k:poo@lapiseira, mode:BACK
2025-11-15 22:40:35, MOVE, v:1, k:poo@lapiseira, mode:PICK
2025-11-15 22:40:37, EXEC, v:1, k:poo@lapiseira, mode:FULL, rate:0, size:34
2025-11-15 22:44:49, EXEC, v:1, k:poo@lapiseira, mode:FULL, rate:0, size:28
2025-11-15 22:47:44, MOVE, v:1, k:poo@lapiseira, mode:BACK
2025-11-15 22:49:38, MOVE, v:1, k:poo@lapiseira, mode:PICK
2025-11-15 22:50:07, EXEC, v:1, k:poo@lapiseira, mode:FULL, rate:0, size:28
2025-11-15 22:51:03, EXEC, v:1, k:poo@lapiseira, mode:FULL, rate:0, size:28
2025-11-15 22:51:14, EXEC, v:1, k:poo@lapiseira, mode:FULL, rate:0, size:28
2025-11-15 23:04:58, EXEC, v:1, k:poo@lapiseira, mode:FULL, rate:7, size:30
2025-11-15 23:05:35, EXEC, v:1, k:poo@lapiseira, mode:FULL, rate:0, size:31
2025-11-15 23:05:46, EXEC, v:1, k:poo@lapiseira, mode:FULL, rate:7, size:30
2025-11-15 23:06:19, EXEC, v:1, k:poo@lapiseira, mode:FULL, rate:7, size:30
2025-11-15 23:08:16, EXEC, v:1, k:poo@lapiseira, mode:FULL, rate:7, size:31
2025-11-15 23:08:30, EXEC, v:1, k:poo@lapiseira, mode:FULL, rate:14, size:31
2025-11-15 23:55:33, EXEC, v:1, k:poo@lapiseira, mode:FULL, rate:0, size:42
2025-11-15 23:56:57, EXEC, v:1, k:poo@lapiseira, mode:FULL, rate:0, size:43
