2025-11-19 17:49:39, MOVE, v:1, k:poo@lapiseira, mode:PICK
2025-11-19 17:49:41, EXEC, v:1, k:poo@lapiseira, mode:FULL, rate:71
2025-11-19 17:59:57, EXEC, v:1, k:poo@lapiseira, mode:FULL, rate:71, size:90
2025-11-19 18:00:36, EXEC, v:1, k:poo@lapiseira, mode:FULL, rate:71, size:90
2025-11-19 18:02:11, EXEC, v:1, k:poo@lapiseira, mode:FULL, rate:71
2025-11-19 18:04:12, EXEC, v:1, k:poo@lapiseira, mode:FULL, rate:71, size:92
2025-11-19 18:05:08, EXEC, v:1, k:poo@lapiseira, mode:FULL, rate:71, size:92
2025-11-19 18:05:30, EXEC, v:1, k:poo@lapiseira, mode:FULL, rate:85, size:92
2025-11-19 18:08:19, EXEC, v:1, k:poo@lapiseira, mode:FULL, rate:85, size:99
2025-11-19 18:08:53, EXEC, v:1, k:poo@lapiseira, mode:FULL, rate:85, size:98
2025-11-19 18:09:19, EXEC, v:1, k:poo@lapiseira, mode:FULL, rate:85, size:96
2025-11-19 18:09:50, EXEC, v:1, k:poo@lapiseira, mode:FULL, rate:85, size:98
2025-11-19 18:13:48, EXEC, v:1, k:poo@lapiseira, mode:FULL, rate:71, size:99
2025-11-19 18:13:56, EXEC, v:1, k:poo@lapiseira, mode:FULL, rate:92, size:99
2025-11-19 18:16:28, EXEC, v:1, k:poo@lapiseira, mode:FULL, rate:100, size:102
2025-11-19 18:16:37, MOVE, v:1, k:poo@lapiseira, mode:BACK
2025-11-19 18:18:14, SELF, v:1, k:poo@lapiseira, rate:100, human:pedi_ajuda_de_colegas_pra_fazer_parte_do_desgaste_do_metodo_write, alone:9, study:330
2025-11-19 18:19:09, MOVE, v:1, k:poo@pula-pula, mode:PICK
2025-11-19 18:19:19, EXEC, v:1, k:poo@pula-pula, mode:FULL, rate:0, size:0
2025-11-19 18:21:39, EXEC, v:1, k:poo@pula-pula, mode:FULL, rate:0
2025-11-19 19:43:41, EXEC, v:1, k:poo@pula-pula, mode:FULL, rate:0, size:39
2025-11-19 19:43:48, EXEC, v:1, k:poo@pula-pula, mode:FULL, rate:0, size:39
2025-11-19 19:44:32, EXEC, v:1, k:poo@pula-pula, mode:FULL, rate:0, size:42
2025-11-19 19:45:43, EXEC, v:1, k:poo@pula-pula, mode:FULL, rate:0, size:44
2025-11-19 19:46:06, EXEC, v:1, k:poo@pula-pula, mode:FULL, rate:0, size:44
2025-11-19 19:46:28, EXEC, v:1, k:poo@pula-pula, mode:FULL, rate:10, size:44
2025-11-19 19:47:21, EXEC, v:1, k:poo@pula-pula, mode:FULL, rate:10
2025-11-19 19:47:21, MOVE, v:1, k:poo@pula-pula, mode:BACK
2025-11-19 19:57:22, MOVE, v:1, k:poo@pula-pula, mode:PICK
2025-11-19 19:57:23, EXEC, v:1, k:poo@pula-pula, mode:FULL, rate:10
2025-11-19 19:57:58, MOVE, v:1, k:poo@pula-pula, mode:BACK
2025-11-19 19:58:37, MOVE, v:1, k:poo@pula-pula, mode:PICK
2025-11-19 19:58:39, EXEC, v:1, k:poo@pula-pula, mode:FULL, rate:10
2025-11-19 20:05:37, EXEC, v:1, k:poo@pula-pula, mode:FULL, rate:10
2025-11-19 20:05:39, EXEC, v:1, k:poo@pula-pula, mode:FULL, rate:10
2025-11-19 20:05:47, EXEC, v:1, k:poo@pula-pula, mode:FULL, rate:0, size:44
2025-11-19 20:05:57, EXEC, v:1, k:poo@pula-pula, mode:FULL, rate:0, size:44
2025-11-19 20:06:05, EXEC, v:1, k:poo@pula-pula, mode:FULL, rate:10, size:44
2025-11-19 20:06:13, EXEC, v:1, k:poo@pula-pula, mode:FULL, rate:10, size:44
2025-11-19 20:06:21, EXEC, v:1, k:poo@pula-pula, mode:FULL, rate:10, size:44
2025-11-19 20:06:31, EXEC, v:1, k:poo@pula-pula, mode:FULL, rate:20, size:44
2025-11-19 20:06:59, EXEC, v:1, k:poo@pula-pula, mode:FULL, rate:0, size:46
2025-11-19 20:07:00, MOVE, v:1, k:poo@pula-pula, mode:BACK
2025-11-19 20:07:02, MOVE, v:1, k:poo@pula-pula, mode:PICK
2025-11-19 20:07:03, EXEC, v:1, k:poo@pula-pula, mode:FULL, rate:0
2025-11-19 20:08:32, EXEC, v:1, k:poo@pula-pula, mode:FULL, rate:20, size:49
2025-11-19 20:08:56, EXEC, v:1, k:poo@pula-pula, mode:FULL, rate:20, size:49
2025-11-19 20:09:15, EXEC, v:1, k:poo@pula-pula, mode:FULL, rate:20, size:49
2025-11-19 20:09:25, EXEC, v:1, k:poo@pula-pula, mode:FULL, rate:20, size:49
2025-11-19 20:09:37, EXEC, v:1, k:poo@pula-pula, mode:FULL, rate:20, size:49
2025-11-19 20:09:55, EXEC, v:1, k:poo@pula-pula, mode:FULL, rate:20, size:49
2025-11-19 20:10:40, EXEC, v:1, k:poo@pula-pula, mode:FULL, rate:20
2025-11-19 20:11:30, EXEC, v:1, k:poo@pula-pula, mode:FULL, rate:40, size:50
2025-11-19 20:11:45, EXEC, v:1, k:poo@pula-pula, mode:FULL, rate:20, size:50
2025-11-19 20:11:53, EXEC, v:1, k:poo@pula-pula, mode:FULL, rate:30, size:50
2025-11-19 20:13:50, EXEC, v:1, k:poo@pula-pula, mode:FULL, rate:30, size:50
2025-11-19 20:13:59, EXEC, v:1, k:poo@pula-pula, mode:FULL, rate:40, size:50
2025-11-19 20:14:11, EXEC, v:1, k:poo@pula-pula, mode:FULL, rate:0, size:50
2025-11-19 20:14:18, EXEC, v:1, k:poo@pula-pula, mode:FULL, rate:20, size:50
2025-11-19 20:14:26, EXEC, v:1, k:poo@pula-pula, mode:FULL, rate:40, size:50
2025-11-19 20:14:57, EXEC, v:1, k:poo@pula-pula, mode:FULL, rate:30, size:50
2025-11-19 20:15:08, EXEC, v:1, k:poo@pula-pula, mode:FULL, rate:30, size:50
2025-11-19 20:15:19, EXEC, v:1, k:poo@pula-pula, mode:FULL, rate:20, size:50
2025-11-19 20:15:33, EXEC, v:1, k:poo@pula-pula, mode:FULL, rate:20, size:50
2025-11-19 20:15:42, EXEC, v:1, k:poo@pula-pula, mode:FULL, rate:20, size:50
2025-11-19 20:15:58, EXEC, v:1, k:poo@pula-pula, mode:FULL, rate:20, size:50
2025-11-19 20:16:08, EXEC, v:1, k:poo@pula-pula, mode:FULL, rate:40, size:50
2025-11-19 20:20:26, MOVE, v:1, k:poo@pula-pula, mode:BACK
